<?xml version="1.0" encoding="UTF-8"?>
<!-- Generated by org.testng.reporters.JUnitXMLReporter -->
<testsuite ignored="0" hostname="Bhargav-Laptop" failures="1" tests="1" name="Data_providerTest" time="0.051" errors="0" timestamp="28 Jul 2019 13:49:59 GMT">
  <testcase classname="Dataprovider.dataProviderDiffClass" name="provider" time="0.0">
    <failure type="org.testng.TestNGException" message="
Method public void Dataprovider.dataProviderDiffClass.provider(java.lang.String,int) requires a @DataProvider named : Test-data">
      <![CDATA[org.testng.TestNGException: 
Method public void Dataprovider.dataProviderDiffClass.provider(java.lang.String,int) requires a @DataProvider named : Test-data
... Removed 22 stack frames]]>
    </failure>
  </testcase> <!-- provider -->
</testsuite> <!-- Data_providerTest -->
