<?xml version="1.0" encoding="UTF-8"?>
<!-- Generated by org.testng.reporters.JUnitXMLReporter -->
<testsuite ignored="0" hostname="Bhargav-Laptop" failures="1" tests="1" name="Test" time="0.049" errors="0" timestamp="28 Jul 2019 13:57:09 GMT">
  <testcase classname="Dataprovider.dataProviderDiffClass" name="provider" time="0.0">
    <failure type="org.testng.TestNGException" message="
Method public void Dataprovider.dataProviderDiffClass.provider(java.lang.String,int) requires a @DataProvider named : Test-data in class org.testng.annotations.DataProvider">
      <![CDATA[org.testng.TestNGException: 
... Removed 23 stack frames]]>
    </failure>
  </testcase> <!-- provider -->
</testsuite> <!-- Test -->
